<?xml version="1.0" encoding="UTF-8"?>
<testng-results skipped="0" failed="0" ignored="0" total="1" passed="1">
  <reporter-output>
  </reporter-output>
  <suite name="Default suite" duration-ms="2227" started-at="2020-12-20T17:41:41Z" finished-at="2020-12-20T17:41:43Z">
    <groups>
    </groups>
    <test name="Default test" duration-ms="2227" started-at="2020-12-20T17:41:41Z" finished-at="2020-12-20T17:41:43Z">
      <class name="com.Automation.testCases.GetWeatherinfowithQueryparams">
        <test-method status="PASS" signature="getuserAPI()[pri:0, instance:com.Automation.testCases.GetWeatherinfowithQueryparams@757942a1]" name="getuserAPI" duration-ms="2191" started-at="2020-12-20T17:41:41Z" finished-at="2020-12-20T17:41:43Z">
          <reporter-output>
          </reporter-output>
        </test-method> <!-- getuserAPI -->
      </class> <!-- com.Automation.testCases.GetWeatherinfowithQueryparams -->
    </test> <!-- Default test -->
  </suite> <!-- Default suite -->
</testng-results>
